C51 COMPILER V9.00   DATA                                                                  08/23/2022 13:07:06 PAGE 1   


C51 COMPILER V9.00, COMPILATION OF MODULE DATA
OBJECT MODULE PLACED IN data.OBJ
COMPILER INVOKED BY: E:\keil4\C51\BIN\C51.EXE data.c BROWSE DEBUG OBJECTEXTEND

line level    source

   1          #include "reg52.h"                       //此文件中定义了单片机的一些特殊功能寄存器
   2          #include <stdlib.h>
   3          #include<math.h>
   4          typedef unsigned long u32;         //对数据类型进行声明定义
   5          typedef unsigned int u16;        
   6          typedef unsigned char u8;
   7          u8 buff[8];
   8          sbit LSA=P2^2;
   9          sbit LSB=P2^3;
  10          sbit LSC=P2^4;
  11          
  12          u8 code smgduan[17]={0x3f,0x06,0x5b,0x4f,0x66,0x6d,0x7d,0x07,
  13                                                  0x7f,0x6f};//显示0~F的值
  14          
  15          void delay(u16 i)
  16          {
  17   1              while(i--);     
  18   1      }
  19          
  20          void update(u32 val)  //更新缓冲数组
  21          {       
  22   1              //分离各位数据
  23   1              buff[0]=val/10000000%10;        //12345678/10000000%10=1;
  24   1              buff[1]=val/1000000%10;         //12345678/1000000%10=2;
  25   1              buff[2]=val/100000%10;          //12345678/100000%10=3;
  26   1              buff[3]=val/10000%10;           //12345678/10000%10=4;
  27   1              buff[4]=val/1000%10;            //12345678/1000%10=5;
  28   1              buff[5]=val/100%10;             //12345678/100%10=6;
  29   1              buff[6]=val/10%10;              //12345678/10%10=7;
  30   1              buff[7]=val%10;                 //12345678%10=8;
  31   1      }
  32          
  33          void display()
  34          {
  35   1              u8 i;
  36   1              for(i=0;i<8;i++)
  37   1              {
  38   2                      switch(i)        //位选，选择点亮的数码管，
  39   2                      {
  40   3                              case(0):
  41   3                                      LSA=0;LSB=0;LSC=0; break;//显示第0位
  42   3                              case(1):
  43   3                                      LSA=1;LSB=0;LSC=0; break;//显示第1位
  44   3                              case(2):
  45   3                                      LSA=0;LSB=1;LSC=0; break;//显示第2位
  46   3                              case(3):
  47   3                                      LSA=1;LSB=1;LSC=0; break;//显示第3位
  48   3                              case(4):
  49   3                                      LSA=0;LSB=0;LSC=1; break;//显示第4位
  50   3                              case(5):
  51   3                                      LSA=1;LSB=0;LSC=1; break;//显示第5位
  52   3                              case(6):
  53   3                                      LSA=0;LSB=1;LSC=1; break;//显示第6位
  54   3                              case(7):
  55   3                                      LSA=1;LSB=1;LSC=1; break;//显示第7位    
C51 COMPILER V9.00   DATA                                                                  08/23/2022 13:07:06 PAGE 2   

  56   3                      }
  57   2                      P0=smgduan[buff[i]];//发送段码
  58   2                      delay(100); //间隔一段时间扫描  
  59   2                      P0=0x00;//消隐
  60   2              }
  61   1      }
  62          void main(void)
  63          {
  64   1              u32 num = 3966;  //要显示的数据
  65   1              u16 t;           //延时用
  66   1              while(1)
  67   1              {
  68   2                      update(num);       //更新显示缓冲数组
  69   2                      for(t=0; t<50; t++)       //用for循环来延时不然显示不正常
  70   2                      {
  71   3                              display();              //显示缓冲数组
  72   3                      }
  73   2                      num+=1;  //显示数据自加
  74   2                      if(num==3968)
  75   2                         break;
  76   2              }
  77   1      }


MODULE INFORMATION:   STATIC OVERLAYABLE
   CODE SIZE        =    446    ----
   CONSTANT SIZE    =     17    ----
   XDATA SIZE       =   ----    ----
   PDATA SIZE       =   ----    ----
   DATA SIZE        =      8       8
   IDATA SIZE       =   ----    ----
   BIT SIZE         =   ----    ----
END OF MODULE INFORMATION.


C51 COMPILATION COMPLETE.  0 WARNING(S),  0 ERROR(S)
